<?xml version="1.0" encoding="UTF-8"?>
<testng-results ignored="0" total="1" passed="1" failed="0" skipped="0">
  <reporter-output>
  </reporter-output>
  <suite started-at="2021-12-19T17:07:11Z" name="Suite" finished-at="2021-12-19T17:07:24Z" duration-ms="12972">
    <groups>
    </groups>
    <test started-at="2021-12-19T17:07:11Z" name="Test" finished-at="2021-12-19T17:07:24Z" duration-ms="12972">
      <class name="com.nobroker.runner.Runner">
        <test-method is-config="true" signature="beforeTest()[pri:0, instance:com.nobroker.runner.Runner@39ad977d]" started-at="2021-12-19T17:07:11Z" name="beforeTest" finished-at="2021-12-19T17:07:12Z" duration-ms="1784" status="PASS">
          <reporter-output>
          </reporter-output>
        </test-method> <!-- beforeTest -->
        <test-method signature="Nobrokertest(java.lang.String, java.lang.String, java.lang.String, java.lang.String, java.lang.String, java.lang.String)[pri:0, instance:com.nobroker.runner.Runner@39ad977d]" started-at="2021-12-19T17:07:12Z" name="Nobrokertest" data-provider="Location" finished-at="2021-12-19T17:07:23Z" duration-ms="10279" status="PASS">
          <params>
            <param index="0">
              <value>
                <![CDATA[Mumbai]]>
              </value>
            </param>
            <param index="1">
              <value>
                <![CDATA[Malad]]>
              </value>
            </param>
            <param index="2">
              <value>
                <![CDATA[Malkani Estate]]>
              </value>
            </param>
            <param index="3">
              <value>
                <![CDATA[Sundar Ln]]>
              </value>
            </param>
            <param index="4">
              <value>
                <![CDATA[BHK2]]>
              </value>
            </param>
            <param index="5">
              <value>
                <![CDATA[BHK3]]>
              </value>
            </param>
          </params>
          <reporter-output>
          </reporter-output>
        </test-method> <!-- Nobrokertest -->
        <test-method is-config="true" signature="afterTest()[pri:0, instance:com.nobroker.runner.Runner@39ad977d]" started-at="2021-12-19T17:07:23Z" name="afterTest" finished-at="2021-12-19T17:07:24Z" duration-ms="236" status="PASS">
          <reporter-output>
          </reporter-output>
        </test-method> <!-- afterTest -->
      </class> <!-- com.nobroker.runner.Runner -->
    </test> <!-- Test -->
  </suite> <!-- Suite -->
</testng-results>
